<?xml version="1.0" encoding="UTF-8"?>
<!-- Generated by org.testng.reporters.JUnitReportReporter -->
<testsuite hostname="DESKTOP-E8ITG7R" failures="0" tests="1" name="Rest_Api.FirstAPIDemo" time="8.072" errors="0" timestamp="06 Nov 2024 19:17:24 GMT" skipped="0">
  <testcase classname="Rest_Api.FirstAPIDemo" name="firstDemoForAPI" time="8.072"/>
</testsuite> <!-- Rest_Api.FirstAPIDemo -->
